[0m2021.04.05 10:07:30 INFO  tracing is disabled for protocol LSP, to enable tracing of incoming and outgoing JSON messages create an empty file at d:\se2.MCS.Angular8\se2MCS\null\scalameta\metals\cache\lsp.trace.json[0m
[0m2021.04.05 10:07:32 INFO  Starting Metals server with configuration: MetalsServerConfig(
  glob-syntax=GlobSyntaxConfig(vscode),
  status-bar=StatusBarConfig(off),
  open-files-on-rename=false,
  rename-file-threshold=300,
  slow-task=SlowTaskConfig(off),
  execute-client-command=ExecuteClientCommandConfig(off),
  compilers=PresentationCompilerConfigImpl(false,Some(editor.action.triggerParameterHints),Some(editor.action.triggerSuggest),Map(scala/collection/mutable/ -> mutable., java/util/ -> ju.),Unicode,true,true,true,true,true,true,true,scala.meta.internal.pc.PresentationCompilerConfigImpl$$$Lambda$61/280265505@5223e5ee,20,SECONDS),
  http=false,
  input-box=false,
  ask-to-reconnect=false,
  icons=vscode,
  statistics=StatisticsConfig(default),
  bloop-port=default
)[0m
[0m2021.04.05 10:07:33 INFO  logging to file D:\se2.MCS.Angular8\se2MCS\.metals\metals.log[0m
[0m2021.04.05 13:17:10 INFO  tracing is disabled for protocol LSP, to enable tracing of incoming and outgoing JSON messages create an empty file at d:\se2.MCS.Angular8\se2MCS\null\scalameta\metals\cache\lsp.trace.json[0m
[0m2021.04.05 13:17:18 INFO  Starting Metals server with configuration: MetalsServerConfig(
  glob-syntax=GlobSyntaxConfig(vscode),
  status-bar=StatusBarConfig(off),
  open-files-on-rename=false,
  rename-file-threshold=300,
  slow-task=SlowTaskConfig(off),
  execute-client-command=ExecuteClientCommandConfig(off),
  compilers=PresentationCompilerConfigImpl(false,Some(editor.action.triggerParameterHints),Some(editor.action.triggerSuggest),Map(scala/collection/mutable/ -> mutable., java/util/ -> ju.),Unicode,true,true,true,true,true,true,true,scala.meta.internal.pc.PresentationCompilerConfigImpl$$$Lambda$61/280265505@5223e5ee,20,SECONDS),
  http=false,
  input-box=false,
  ask-to-reconnect=false,
  icons=vscode,
  statistics=StatisticsConfig(default),
  bloop-port=default
)[0m
[0m2021.04.05 13:17:22 INFO  logging to file D:\se2.MCS.Angular8\se2MCS\.metals\metals.log[0m
